0 info it worked if it ends with ok
1 verbose cli [ '/usr/local/bin/node',
1 verbose cli   '/usr/local/bin/npm',
1 verbose cli   'install',
1 verbose cli   'gulp-saas' ]
2 info using npm@2.14.7
3 info using node@v4.2.1
4 verbose install initial load of /home/nruiz/git/Wired_Lock/Wired_Lock_Mob/package.json
5 warn package.json wired_lock_mob@1.0.0 No repository field.
6 warn package.json wired_lock_mob@1.0.0 No README data
7 warn package.json wired_lock_mob@1.0.0 No license field.
8 verbose installManyTop reading scoped package data from /home/nruiz/git/Wired_Lock/Wired_Lock_Mob/node_modules/sails-hook-autoreload/package.json
9 verbose readDependencies loading dependencies from /home/nruiz/git/Wired_Lock/Wired_Lock_Mob/package.json
10 silly cache add args [ 'gulp-saas', null ]
11 verbose cache add spec gulp-saas
12 silly cache add parsed spec Result {
12 silly cache add   raw: 'gulp-saas',
12 silly cache add   scope: null,
12 silly cache add   name: 'gulp-saas',
12 silly cache add   rawSpec: '',
12 silly cache add   spec: '*',
12 silly cache add   type: 'range' }
13 silly addNamed gulp-saas@*
14 verbose addNamed "*" is a valid semver range for gulp-saas
15 silly addNameRange { name: 'gulp-saas', range: '*', hasData: false }
16 silly mapToRegistry name gulp-saas
17 silly mapToRegistry using default registry
18 silly mapToRegistry registry https://registry.npmjs.org/
19 silly mapToRegistry uri https://registry.npmjs.org/gulp-saas
20 verbose addNameRange registry:https://registry.npmjs.org/gulp-saas not in flight; fetching
21 verbose request uri https://registry.npmjs.org/gulp-saas
22 verbose request no auth needed
23 info attempt registry request try #1 at 14:18:58
24 verbose request id 15f117f80abba64d
25 http request GET https://registry.npmjs.org/gulp-saas
26 http 404 https://registry.npmjs.org/gulp-saas
27 verbose headers { 'content-type': 'application/json',
27 verbose headers   'cache-control': 'max-age=0',
27 verbose headers   'content-length': '2',
27 verbose headers   'accept-ranges': 'bytes',
27 verbose headers   date: 'Fri, 23 Oct 2015 12:18:05 GMT',
27 verbose headers   via: '1.1 varnish',
27 verbose headers   age: '0',
27 verbose headers   connection: 'keep-alive',
27 verbose headers   'x-served-by': 'cache-ams4146-AMS',
27 verbose headers   'x-cache': 'MISS',
27 verbose headers   'x-cache-hits': '0',
27 verbose headers   'x-timer': 'S1445602684.426383,VS0,VE700' }
28 silly get cb [ 404,
28 silly get   { 'content-type': 'application/json',
28 silly get     'cache-control': 'max-age=0',
28 silly get     'content-length': '2',
28 silly get     'accept-ranges': 'bytes',
28 silly get     date: 'Fri, 23 Oct 2015 12:18:05 GMT',
28 silly get     via: '1.1 varnish',
28 silly get     age: '0',
28 silly get     connection: 'keep-alive',
28 silly get     'x-served-by': 'cache-ams4146-AMS',
28 silly get     'x-cache': 'MISS',
28 silly get     'x-cache-hits': '0',
28 silly get     'x-timer': 'S1445602684.426383,VS0,VE700' } ]
29 verbose stack Error: Registry returned 404 for GET on https://registry.npmjs.org/gulp-saas
29 verbose stack     at makeError (/usr/local/lib/node_modules/npm/node_modules/npm-registry-client/lib/request.js:264:12)
29 verbose stack     at CachingRegistryClient.<anonymous> (/usr/local/lib/node_modules/npm/node_modules/npm-registry-client/lib/request.js:242:14)
29 verbose stack     at Request._callback (/usr/local/lib/node_modules/npm/node_modules/npm-registry-client/lib/request.js:172:14)
29 verbose stack     at Request.self.callback (/usr/local/lib/node_modules/npm/node_modules/request/request.js:198:22)
29 verbose stack     at emitTwo (events.js:87:13)
29 verbose stack     at Request.emit (events.js:172:7)
29 verbose stack     at Request.<anonymous> (/usr/local/lib/node_modules/npm/node_modules/request/request.js:1063:14)
29 verbose stack     at emitOne (events.js:82:20)
29 verbose stack     at Request.emit (events.js:169:7)
29 verbose stack     at IncomingMessage.<anonymous> (/usr/local/lib/node_modules/npm/node_modules/request/request.js:1009:12)
30 verbose statusCode 404
31 verbose pkgid gulp-saas
32 verbose cwd /home/nruiz/git/Wired_Lock/Wired_Lock_Mob
33 error Linux 3.14.27-xxxx-grs-ipv6-64
34 error argv "/usr/local/bin/node" "/usr/local/bin/npm" "install" "gulp-saas"
35 error node v4.2.1
36 error npm  v2.14.7
37 error code E404
38 error 404 Registry returned 404 for GET on https://registry.npmjs.org/gulp-saas
38 error 404
38 error 404 'gulp-saas' is not in the npm registry.
38 error 404 You should bug the author to publish it (or use the name yourself!)
38 error 404 It was specified as a dependency of 'wired_lock_mob'
38 error 404
38 error 404 Note that you can also install from a
38 error 404 tarball, folder, http url, or git url.
39 verbose exit [ 1, true ]
